{
  "RSpec": {
    "coverage": {
      "/Users/austinmoore/Turing/3rd_mod/Projects/job_house_be/spec/facade/house_facade_spec.rb": {
        "lines": [
          1,
          null,
          1,
          1,
          1,
          null,
          1,
          null,
          null,
          1,
          1,
          1,
          1,
          null,
          null,
          null,
          1,
          1,
          1,
          1,
          1,
          1,
          1,
          null,
          1,
          null,
          1,
          null,
          null,
          null
        ]
      },
      "/Users/austinmoore/Turing/3rd_mod/Projects/job_house_be/spec/rails_helper.rb": {
        "lines": [
          null,
          1,
          1,
          1,
          null,
          1,
          1,
          null,
          null,
          null,
          null,
          null,
          null,
          null,
          null,
          null,
          null,
          null,
          null,
          null,
          null,
          null,
          null,
          null,
          null,
          null,
          null,
          1,
          null,
          0,
          0,
          null,
          1,
          null,
          1,
          null,
          null,
          null,
          null,
          1,
          null,
          null,
          null,
          null,
          null,
          null,
          null,
          null,
          null,
          null,
          null,
          null,
          null,
          null,
          null,
          null,
          null,
          1,
          null,
          null,
          1,
          null,
          null,
          null,
          1,
          1,
          1,
          1,
          null,
          null,
          null,
          1,
          1,
          1,
          null,
          12,
          null,
          null,
          1,
          null,
          1,
          null
        ]
      },
      "/Users/austinmoore/Turing/3rd_mod/Projects/job_house_be/config/environment.rb": {
        "lines": [
          null,
          1,
          null,
          null,
          1
        ]
      },
      "/Users/austinmoore/Turing/3rd_mod/Projects/job_house_be/config/application.rb": {
        "lines": [
          1,
          null,
          1,
          null,
          1,
          1,
          1,
          1,
          1,
          1,
          1,
          1,
          null,
          null,
          null,
          null,
          null,
          1,
          null,
          1,
          1,
          null,
          1,
          null,
          null,
          null,
          null,
          null,
          null,
          null,
          null,
          null,
          1,
          null,
          null
        ]
      },
      "/Users/austinmoore/Turing/3rd_mod/Projects/job_house_be/config/boot.rb": {
        "lines": [
          1,
          null,
          1,
          1
        ]
      },
      "/Users/austinmoore/Turing/3rd_mod/Projects/job_house_be/config/environments/test.rb": {
        "lines": [
          1,
          null,
          null,
          null,
          null,
          null,
          null,
          1,
          null,
          null,
          null,
          null,
          1,
          null,
          null,
          1,
          1,
          null,
          null,
          null,
          null,
          1,
          1,
          null,
          null,
          1,
          null,
          null,
          1,
          null,
          null,
          1,
          null,
          1,
          null,
          null,
          null,
          null,
          1,
          null,
          null,
          1,
          null,
          null,
          null,
          null
        ]
      },
      "/Users/austinmoore/Turing/3rd_mod/Projects/job_house_be/config/initializers/application_controller_renderer.rb": {
        "lines": [
          null,
          null,
          null,
          null,
          null,
          null,
          null,
          null
        ]
      },
      "/Users/austinmoore/Turing/3rd_mod/Projects/job_house_be/config/initializers/backtrace_silencers.rb": {
        "lines": [
          null,
          null,
          null,
          null,
          null,
          null,
          null
        ]
      },
      "/Users/austinmoore/Turing/3rd_mod/Projects/job_house_be/config/initializers/cors.rb": {
        "lines": [
          null,
          null,
          null,
          null,
          null,
          null,
          null,
          null,
          null,
          null,
          null,
          null,
          null,
          null,
          null,
          null
        ]
      },
      "/Users/austinmoore/Turing/3rd_mod/Projects/job_house_be/config/initializers/filter_parameter_logging.rb": {
        "lines": [
          null,
          null,
          null,
          1
        ]
      },
      "/Users/austinmoore/Turing/3rd_mod/Projects/job_house_be/config/initializers/inflections.rb": {
        "lines": [
          null,
          null,
          null,
          null,
          null,
          null,
          null,
          null,
          null,
          null,
          null,
          null,
          null,
          null,
          null,
          null
        ]
      },
      "/Users/austinmoore/Turing/3rd_mod/Projects/job_house_be/config/initializers/mime_types.rb": {
        "lines": [
          null,
          null,
          null,
          null
        ]
      },
      "/Users/austinmoore/Turing/3rd_mod/Projects/job_house_be/config/initializers/wrap_parameters.rb": {
        "lines": [
          null,
          null,
          null,
          null,
          null,
          null,
          1,
          2,
          null,
          null,
          null,
          null,
          null,
          null
        ]
      },
      "/Users/austinmoore/Turing/3rd_mod/Projects/job_house_be/config/routes.rb": {
        "lines": [
          1,
          1,
          1,
          1,
          null,
          1,
          1,
          1,
          null,
          1,
          1,
          1,
          null,
          null,
          null
        ]
      },
      "/Users/austinmoore/Turing/3rd_mod/Projects/job_house_be/spec/facade/job_facade_spec.rb": {
        "lines": [
          1,
          null,
          1,
          1,
          1,
          null,
          1,
          null,
          1,
          1,
          50,
          50,
          50,
          50,
          50,
          50,
          50,
          50,
          50,
          null,
          null,
          null,
          null
        ]
      },
      "/Users/austinmoore/Turing/3rd_mod/Projects/job_house_be/spec/models/job_spec.rb": {
        "lines": [
          1,
          null,
          1,
          1,
          2,
          null,
          null,
          1,
          2,
          2,
          2,
          2,
          2,
          null,
          null,
          1,
          1,
          1,
          null,
          1,
          null,
          null,
          1,
          1,
          null,
          1,
          null,
          null,
          null
        ]
      },
      "/Users/austinmoore/Turing/3rd_mod/Projects/job_house_be/app/models/job.rb": {
        "lines": [
          1,
          1,
          1,
          1,
          null,
          1,
          3,
          null,
          3,
          null,
          null,
          3,
          null,
          null,
          1,
          2,
          2,
          2,
          null,
          null
        ]
      },
      "/Users/austinmoore/Turing/3rd_mod/Projects/job_house_be/app/models/application_record.rb": {
        "lines": [
          1,
          1,
          null
        ]
      },
      "/Users/austinmoore/Turing/3rd_mod/Projects/job_house_be/spec/models/user_job_house_spec.rb": {
        "lines": [
          1,
          null,
          1,
          1,
          2,
          null,
          null,
          1,
          2,
          null,
          null
        ]
      },
      "/Users/austinmoore/Turing/3rd_mod/Projects/job_house_be/app/models/user_job_house.rb": {
        "lines": [
          1,
          1,
          1,
          null
        ]
      },
      "/Users/austinmoore/Turing/3rd_mod/Projects/job_house_be/spec/models/user_job_spec.rb": {
        "lines": [
          1,
          null,
          1,
          1,
          2,
          2,
          2,
          null,
          null,
          1,
          null,
          null,
          null
        ]
      },
      "/Users/austinmoore/Turing/3rd_mod/Projects/job_house_be/app/models/user_job.rb": {
        "lines": [
          1,
          1,
          1,
          1,
          null
        ]
      },
      "/Users/austinmoore/Turing/3rd_mod/Projects/job_house_be/spec/models/user_spec.rb": {
        "lines": [
          1,
          null,
          1,
          1,
          2,
          2,
          null,
          null,
          1,
          2,
          2,
          null,
          null
        ]
      },
      "/Users/austinmoore/Turing/3rd_mod/Projects/job_house_be/app/models/user.rb": {
        "lines": [
          1,
          1,
          1,
          1,
          1,
          null
        ]
      },
      "/Users/austinmoore/Turing/3rd_mod/Projects/job_house_be/spec/poros/house_poro_spec.rb": {
        "lines": [
          1,
          null,
          1,
          1,
          1,
          null,
          null,
          null,
          null,
          null,
          null,
          null,
          null,
          null,
          null,
          null,
          null,
          null,
          null,
          null,
          null,
          null,
          null,
          null,
          null,
          null,
          null,
          null,
          null,
          null,
          null,
          null,
          null,
          null,
          null,
          null,
          null,
          null,
          null,
          null,
          null,
          null,
          null,
          null,
          null,
          null,
          null,
          null,
          null,
          null,
          null,
          null,
          null,
          null,
          null,
          null,
          null,
          null,
          null,
          null,
          null,
          null,
          null,
          null,
          null,
          null,
          null,
          null,
          null,
          null,
          null,
          null,
          null,
          null,
          null,
          null,
          null,
          null,
          null,
          null,
          null,
          null,
          null,
          null,
          null,
          null,
          null,
          null,
          null,
          1,
          null,
          1,
          null,
          1,
          1,
          null,
          1,
          1,
          null,
          1,
          1,
          null,
          1,
          1,
          null,
          null
        ]
      },
      "/Users/austinmoore/Turing/3rd_mod/Projects/job_house_be/app/poros/house_poro.rb": {
        "lines": [
          1,
          1,
          null,
          null,
          null,
          null,
          null,
          null,
          null,
          null,
          null,
          null,
          null,
          1,
          36,
          36,
          36,
          36,
          36,
          36,
          36,
          36,
          36,
          36,
          36,
          null,
          null
        ]
      },
      "/Users/austinmoore/Turing/3rd_mod/Projects/job_house_be/spec/poros/job_poro_spec.rb": {
        "lines": [
          1,
          null,
          1,
          1,
          1,
          null,
          null,
          null,
          null,
          null,
          null,
          null,
          null,
          null,
          null,
          null,
          null,
          null,
          null,
          null,
          null,
          null,
          1,
          null,
          1,
          1,
          null,
          1,
          1,
          null,
          1,
          1,
          1,
          null,
          null
        ]
      },
      "/Users/austinmoore/Turing/3rd_mod/Projects/job_house_be/app/poros/job_poro.rb": {
        "lines": [
          1,
          1,
          null,
          null,
          null,
          null,
          null,
          null,
          null,
          1,
          101,
          101,
          null,
          101,
          null,
          null,
          101,
          101,
          101,
          101,
          null,
          null,
          1,
          51,
          null,
          null
        ]
      },
      "/Users/austinmoore/Turing/3rd_mod/Projects/job_house_be/spec/requests/api/v1/house_request_spec.rb": {
        "lines": [
          1,
          null,
          1,
          1,
          1,
          1,
          null,
          1,
          null,
          1,
          null,
          1,
          null,
          1,
          1,
          1,
          null,
          1,
          11,
          11,
          null,
          11,
          11,
          null,
          11,
          11,
          null,
          11,
          11,
          null,
          11,
          11,
          null,
          11,
          11,
          null,
          11,
          11,
          null,
          11,
          11,
          null,
          11,
          11,
          null,
          11,
          11,
          null,
          11,
          11,
          null,
          11,
          11,
          null,
          null,
          null,
          null,
          1,
          1,
          1,
          1,
          1,
          1,
          1,
          null,
          1,
          null,
          1,
          null,
          1,
          null,
          1,
          1,
          1,
          null,
          1,
          2,
          2,
          null,
          2,
          2,
          null,
          2,
          2,
          null,
          2,
          2,
          null,
          2,
          2,
          null,
          2,
          2,
          null,
          2,
          2,
          null,
          2,
          2,
          null,
          2,
          2,
          null,
          2,
          2,
          null,
          2,
          2,
          null,
          2,
          2,
          null,
          null,
          null,
          null,
          1,
          1,
          1,
          1,
          1,
          1,
          null,
          1,
          1,
          null,
          1,
          null,
          1,
          1,
          null,
          null
        ]
      },
      "/Users/austinmoore/Turing/3rd_mod/Projects/job_house_be/spec/requests/api/v1/jobs_request_spec.rb": {
        "lines": [
          1,
          null,
          1,
          1,
          1,
          1,
          null,
          1,
          null,
          1,
          null,
          1,
          1,
          null,
          1,
          50,
          50,
          null,
          50,
          50,
          null,
          50,
          50,
          null,
          50,
          50,
          null,
          50,
          50,
          null,
          50,
          50,
          null,
          50,
          50,
          null,
          null,
          null,
          null,
          1,
          1,
          1,
          1,
          null,
          1,
          null,
          null,
          null,
          null,
          null,
          null,
          null,
          null,
          1,
          null,
          1,
          1,
          null,
          1,
          null,
          1,
          1,
          null,
          1,
          1,
          null,
          1,
          1,
          null,
          1,
          1,
          null,
          1,
          1,
          null,
          1,
          1,
          null,
          null,
          1,
          1,
          1,
          1,
          null,
          1,
          1,
          1,
          null,
          1,
          null,
          1,
          null,
          null
        ]
      },
      "/Users/austinmoore/Turing/3rd_mod/Projects/job_house_be/spec/requests/api/v1/user_job_house_request_spec.rb": {
        "lines": [
          1,
          null,
          1,
          1,
          1,
          1,
          1,
          1,
          1,
          1,
          null,
          null
        ]
      },
      "/Users/austinmoore/Turing/3rd_mod/Projects/job_house_be/spec/requests/api/v1/user_request_spec.rb": {
        "lines": [
          1,
          1,
          1,
          1,
          null,
          1,
          null,
          1,
          null,
          1,
          1,
          1,
          1,
          1,
          1,
          1,
          1,
          null,
          null,
          1,
          1,
          null,
          1,
          null,
          1,
          1,
          1,
          1,
          1,
          1,
          1,
          1,
          1,
          null,
          null,
          1,
          1,
          1,
          1,
          null,
          1,
          1,
          null,
          1,
          null,
          1,
          1,
          1,
          1,
          1,
          1,
          1,
          1,
          1,
          1,
          1,
          1,
          null,
          null
        ]
      },
      "/Users/austinmoore/Turing/3rd_mod/Projects/job_house_be/spec/services/house_service_spec.rb": {
        "lines": [
          1,
          null,
          1,
          1,
          1,
          null,
          1,
          null,
          null,
          1,
          null,
          1,
          null,
          null,
          null,
          1,
          1,
          1,
          1,
          1,
          null,
          null,
          null
        ]
      },
      "/Users/austinmoore/Turing/3rd_mod/Projects/job_house_be/spec/services/job_service_spec.rb": {
        "lines": [
          1,
          null,
          1,
          1,
          1,
          1,
          null,
          1,
          null,
          null,
          null
        ]
      },
      "/Users/austinmoore/Turing/3rd_mod/Projects/job_house_be/app/facades/house_facade.rb": {
        "lines": [
          1,
          1,
          2,
          2,
          31,
          null,
          null,
          null,
          1,
          2,
          4,
          null,
          null,
          2,
          4,
          null,
          null,
          null
        ]
      },
      "/Users/austinmoore/Turing/3rd_mod/Projects/job_house_be/app/services/house_service.rb": {
        "lines": [
          1,
          1,
          8,
          8,
          8,
          null,
          null,
          null,
          1,
          3,
          3,
          null,
          null,
          1,
          5,
          5,
          null,
          null
        ]
      },
      "/Users/austinmoore/Turing/3rd_mod/Projects/job_house_be/app/facades/job_facade.rb": {
        "lines": [
          1,
          1,
          2,
          null,
          2,
          100,
          null,
          null,
          null
        ]
      },
      "/Users/austinmoore/Turing/3rd_mod/Projects/job_house_be/app/services/job_service.rb": {
        "lines": [
          1,
          1,
          3,
          3,
          3,
          3,
          3,
          3,
          3,
          null,
          3,
          3,
          null,
          null,
          1,
          3,
          null,
          null
        ]
      },
      "/Users/austinmoore/Turing/3rd_mod/Projects/job_house_be/app/controllers/api/v1/job_houses_controller.rb": {
        "lines": [
          1,
          1,
          null,
          1,
          null,
          1,
          null,
          null,
          null,
          null,
          1,
          null,
          null,
          1,
          1,
          null,
          1,
          null,
          null,
          1,
          1,
          null,
          1,
          null,
          null,
          1,
          1,
          null,
          1,
          null,
          null,
          1,
          null,
          1,
          null,
          null,
          1,
          1,
          1,
          1,
          1,
          null,
          1,
          1,
          null,
          null
        ]
      },
      "/Users/austinmoore/Turing/3rd_mod/Projects/job_house_be/app/controllers/application_controller.rb": {
        "lines": [
          1,
          null
        ]
      },
      "/Users/austinmoore/Turing/3rd_mod/Projects/job_house_be/app/serializers/job_house_serializer.rb": {
        "lines": [
          1,
          1,
          1,
          null
        ]
      },
      "/Users/austinmoore/Turing/3rd_mod/Projects/job_house_be/app/controllers/api/v1/jobs_controller.rb": {
        "lines": [
          1,
          1,
          1,
          null,
          null,
          1,
          null,
          null,
          1,
          0,
          0,
          0,
          null,
          0,
          null,
          null,
          null,
          1,
          1,
          1,
          1,
          0,
          null,
          1,
          1,
          1,
          1,
          null,
          0,
          0,
          null,
          null,
          0,
          0,
          0,
          0,
          null,
          0,
          null,
          null,
          null,
          null
        ]
      },
      "/Users/austinmoore/Turing/3rd_mod/Projects/job_house_be/app/serializers/job_serializer.rb": {
        "lines": [
          1,
          1,
          1,
          null
        ]
      },
      "/Users/austinmoore/Turing/3rd_mod/Projects/job_house_be/app/controllers/api/v1/user_jobs_controller.rb": {
        "lines": [
          1,
          1,
          1,
          null,
          null,
          1,
          null,
          null
        ]
      },
      "/Users/austinmoore/Turing/3rd_mod/Projects/job_house_be/app/controllers/api/v1/users_controller.rb": {
        "lines": [
          1,
          1,
          3,
          3,
          null,
          null
        ]
      },
      "/Users/austinmoore/Turing/3rd_mod/Projects/job_house_be/app/serializers/user_serializer.rb": {
        "lines": [
          1,
          1,
          1,
          null,
          null,
          1,
          3,
          null,
          1,
          null,
          null,
          null,
          null,
          null,
          null,
          null,
          null,
          null,
          null
        ]
      }
    },
    "timestamp": 1650583337
  }
}
